生成启动时间为 2015/7/15 11:23:46。
     1>项目“C:\Users\lenovo\Documents\Visual Studio 2012\Projects\double_eye_vision\double_eye_vision\double_eye_vision.vcxproj”在节点 2 上(Build 个目标)。
     1>ClCompile:
         C:\Program Files\Microsoft Visual Studio 11.0\VC\bin\CL.exe /c /ZI /nologo /W3 /WX- /sdl /Od /Oy- /D WIN32 /D _DEBUG /D _CONSOLE /D _UNICODE /D UNICODE /Gm /EHsc /RTC1 /MDd /GS /fp:precise /Zc:wchar_t /Zc:forScope /Fo"Debug\\" /Fd"Debug\vc110.pdb" /Gd /TP /analyze- /errorReport:prompt double_eye_vision.cpp
         double_eye_vision.cpp
     1>c:\users\lenovo\documents\visual studio 2012\projects\double_eye_vision\double_eye_vision\double_eye_vision.cpp(437): warning C4018: “<”: 有符号/无符号不匹配
     1>c:\users\lenovo\documents\visual studio 2012\projects\double_eye_vision\double_eye_vision\double_eye_vision.cpp(475): warning C4018: “<”: 有符号/无符号不匹配
     1>c:\users\lenovo\documents\visual studio 2012\projects\double_eye_vision\double_eye_vision\double_eye_vision.cpp(589): warning C4244: “初始化”: 从“double”转换到“float”，可能丢失数据
     1>c:\users\lenovo\documents\visual studio 2012\projects\double_eye_vision\double_eye_vision\double_eye_vision.cpp(589): warning C4244: “初始化”: 从“int”转换到“float”，可能丢失数据
     1>c:\users\lenovo\documents\visual studio 2012\projects\double_eye_vision\double_eye_vision\double_eye_vision.cpp(683): warning C4244: “初始化”: 从“double”转换到“float”，可能丢失数据
     1>c:\users\lenovo\documents\visual studio 2012\projects\double_eye_vision\double_eye_vision\double_eye_vision.cpp(683): warning C4244: “初始化”: 从“int”转换到“float”，可能丢失数据
     1>c:\users\lenovo\documents\visual studio 2012\projects\double_eye_vision\double_eye_vision\double_eye_vision.cpp(570): warning C4101: “featureData”: 未引用的局部变量
     1>c:\users\lenovo\documents\visual studio 2012\projects\double_eye_vision\double_eye_vision\double_eye_vision.cpp(663): warning C4101: “featureData”: 未引用的局部变量
       Link:
         C:\Program Files\Microsoft Visual Studio 11.0\VC\bin\link.exe /ERRORREPORT:PROMPT /OUT:"C:\Users\lenovo\Documents\Visual Studio 2012\Projects\double_eye_vision\Debug\double_eye_vision.exe" /INCREMENTAL /NOLOGO opencv_calib3d2410d.lib opencv_contrib2410d.lib opencv_core2410d.lib opencv_features2d2410d.lib opencv_flann2410d.lib opencv_gpu2410d.lib opencv_highgui2410d.lib opencv_imgproc2410d.lib opencv_legacy2410d.lib opencv_ml2410d.lib opencv_nonfree2410d.lib opencv_objdetect2410d.lib opencv_ocl2410d.lib opencv_photo2410d.lib opencv_stitching2410d.lib opencv_superres2410d.lib opencv_ts2410d.lib opencv_video2410d.lib opencv_videostab2410d.lib kernel32.lib user32.lib gdi32.lib winspool.lib comdlg32.lib advapi32.lib shell32.lib ole32.lib oleaut32.lib uuid.lib odbc32.lib odbccp32.lib /MANIFEST /MANIFESTUAC:"level='asInvoker' uiAccess='false'" /manifest:embed /DEBUG /PDB:"C:\Users\lenovo\Documents\Visual Studio 2012\Projects\double_eye_vision\Debug\double_eye_vision.pdb" /SUBSYSTEM:CONSOLE /TLBID:1 /DYNAMICBASE /NXCOMPAT /IMPLIB:"C:\Users\lenovo\Documents\Visual Studio 2012\Projects\double_eye_vision\Debug\double_eye_vision.lib" /MACHINE:X86 Debug\double_eye_vision.obj
         Debug\stdafx.obj
         double_eye_vision.vcxproj -> C:\Users\lenovo\Documents\Visual Studio 2012\Projects\double_eye_vision\Debug\double_eye_vision.exe
     1>已完成生成项目“C:\Users\lenovo\Documents\Visual Studio 2012\Projects\double_eye_vision\double_eye_vision\double_eye_vision.vcxproj”(Build 个目标)的操作。

生成成功。

已用时间 00:00:02.45
